# JRE version: Java(TM) SE Runtime Environment (8.0_77-b03) (build 1.8.0_77-b03)
# Java VM: Java HotSpot(TM) 64-Bit Server VM (25.77-b03 mixed mode windows-amd64 compressed oops)
Heap:
 PSYoungGen      total 164352K, used 114986K [0x000000076af80000, 0x0000000794080000, 0x00000007c0000000)
  eden space 87552K, 44% used [0x000000076af80000,0x000000076d531868,0x0000000770500000)
  from space 76800K, 99% used [0x0000000770500000,0x0000000774f99140,0x0000000775000000)
  to   space 284672K, 0% used [0x0000000782a80000,0x0000000782a80000,0x0000000794080000)
 ParOldGen       total 1052672K, used 610257K [0x00000006c0e00000, 0x0000000701200000, 0x000000076af80000)
  object space 1052672K, 57% used [0x00000006c0e00000,0x00000006e61f45e8,0x0000000701200000)
 Metaspace       used 20772K, capacity 21002K, committed 21376K, reserved 1069056K
  class space    used 2360K, capacity 2418K, committed 2432K, reserved 1048576K
GC Heap History (10 events):
Event: 10.745 GC heap before
{Heap before GC invocations=18 (full 4):
 PSYoungGen      total 372736K, used 217619K [0x000000076af80000, 0x0000000796a80000, 0x00000007c0000000)
  eden space 48128K, 100% used [0x000000076af80000,0x000000076de80000,0x000000076de80000)
  from space 324608K, 52% used [0x000000076de80000,0x0000000778404db0,0x0000000781b80000)
  to   space 324608K, 0% used [0x0000000782d80000,0x0000000782d80000,0x0000000796a80000)
 ParOldGen       total 633344K, used 476338K [0x00000006c0e00000, 0x00000006e7880000, 0x000000076af80000)
  object space 633344K, 75% used [0x00000006c0e00000,0x00000006ddf2c858,0x00000006e7880000)
 Metaspace       used 19499K, capacity 19804K, committed 20096K, reserved 1067008K
  class space    used 2235K, capacity 2321K, committed 2432K, reserved 1048576K
Event: 10.788 GC heap after
Heap after GC invocations=18 (full 4):
 PSYoungGen      total 374784K, used 44024K [0x000000076af80000, 0x0000000795a80000, 0x00000007c0000000)
  eden space 66560K, 0% used [0x000000076af80000,0x000000076af80000,0x000000076f080000)
  from space 308224K, 14% used [0x0000000782d80000,0x000000078587e020,0x0000000795a80000)
  to   space 316416K, 0% used [0x000000076f080000,0x000000076f080000,0x0000000782580000)
 ParOldGen       total 633344K, used 612362K [0x00000006c0e00000, 0x00000006e7880000, 0x000000076af80000)
  object space 633344K, 96% used [0x00000006c0e00000,0x00000006e6402b38,0x00000006e7880000)
 Metaspace       used 19499K, capacity 19804K, committed 20096K, reserved 1067008K
  class space    used 2235K, capacity 2321K, committed 2432K, reserved 1048576K
}
Event: 10.788 GC heap before
{Heap before GC invocations=19 (full 5):
 PSYoungGen      total 374784K, used 44024K [0x000000076af80000, 0x0000000795a80000, 0x00000007c0000000)
  eden space 66560K, 0% used [0x000000076af80000,0x000000076af80000,0x000000076f080000)
  from space 308224K, 14% used [0x0000000782d80000,0x000000078587e020,0x0000000795a80000)
  to   space 316416K, 0% used [0x000000076f080000,0x000000076f080000,0x0000000782580000)
 ParOldGen       total 633344K, used 612362K [0x00000006c0e00000, 0x00000006e7880000, 0x000000076af80000)
  object space 633344K, 96% used [0x00000006c0e00000,0x00000006e6402b38,0x00000006e7880000)
 Metaspace       used 19499K, capacity 19804K, committed 20096K, reserved 1067008K
  class space    used 2235K, capacity 2321K, committed 2432K, reserved 1048576K
Event: 11.812 GC heap after
Heap after GC invocations=19 (full 5):
 PSYoungGen      total 374784K, used 0K [0x000000076af80000, 0x0000000795a80000, 0x00000007c0000000)
  eden space 66560K, 0% used [0x000000076af80000,0x000000076af80000,0x000000076f080000)
  from space 308224K, 0% used [0x0000000782d80000,0x0000000782d80000,0x0000000795a80000)
  to   space 316416K, 0% used [0x000000076f080000,0x000000076f080000,0x0000000782580000)
 ParOldGen       total 1052672K, used 597705K [0x00000006c0e00000, 0x0000000701200000, 0x000000076af80000)
  object space 1052672K, 56% used [0x00000006c0e00000,0x00000006e55b25e8,0x0000000701200000)
 Metaspace       used 19499K, capacity 19804K, committed 20096K, reserved 1067008K
  class space    used 2235K, capacity 2321K, committed 2432K, reserved 1048576K
}
Event: 11.860 GC heap before
{Heap before GC invocations=20 (full 5):
 PSYoungGen      total 374784K, used 66560K [0x000000076af80000, 0x0000000795a80000, 0x00000007c0000000)
  eden space 66560K, 100% used [0x000000076af80000,0x000000076f080000,0x000000076f080000)
  from space 308224K, 0% used [0x0000000782d80000,0x0000000782d80000,0x0000000795a80000)
  to   space 316416K, 0% used [0x000000076f080000,0x000000076f080000,0x0000000782580000)
 ParOldGen       total 1052672K, used 597705K [0x00000006c0e00000, 0x0000000701200000, 0x000000076af80000)
  object space 1052672K, 56% used [0x00000006c0e00000,0x00000006e55b25e8,0x0000000701200000)
 Metaspace       used 19499K, capacity 19804K, committed 20096K, reserved 1067008K
  class space    used 2235K, capacity 2321K, committed 2432K, reserved 1048576K
Event: 11.884 GC heap after
Heap after GC invocations=20 (full 5):
 PSYoungGen      total 382976K, used 12640K [0x000000076af80000, 0x0000000796780000, 0x00000007c0000000)
  eden space 66560K, 0% used [0x000000076af80000,0x000000076af80000,0x000000076f080000)
  from space 316416K, 3% used [0x000000076f080000,0x000000076fcd8000,0x0000000782580000)
  to   space 312320K, 0% used [0x0000000783680000,0x0000000783680000,0x0000000796780000)
 ParOldGen       total 1052672K, used 597705K [0x00000006c0e00000, 0x0000000701200000, 0x000000076af80000)
  object space 1052672K, 56% used [0x00000006c0e00000,0x00000006e55b25e8,0x0000000701200000)
 Metaspace       used 19499K, capacity 19804K, committed 20096K, reserved 1067008K
  class space    used 2235K, capacity 2321K, committed 2432K, reserved 1048576K
}
Event: 11.925 GC heap before
{Heap before GC invocations=21 (full 5):
 PSYoungGen      total 382976K, used 79200K [0x000000076af80000, 0x0000000796780000, 0x00000007c0000000)
  eden space 66560K, 100% used [0x000000076af80000,0x000000076f080000,0x000000076f080000)
  from space 316416K, 3% used [0x000000076f080000,0x000000076fcd8000,0x0000000782580000)
  to   space 312320K, 0% used [0x0000000783680000,0x0000000783680000,0x0000000796780000)
 ParOldGen       total 1052672K, used 597705K [0x00000006c0e00000, 0x0000000701200000, 0x000000076af80000)
  object space 1052672K, 56% used [0x00000006c0e00000,0x00000006e55b25e8,0x0000000701200000)
 Metaspace       used 19499K, capacity 19804K, committed 20096K, reserved 1067008K
  class space    used 2235K, capacity 2321K, committed 2432K, reserved 1048576K
Event: 11.950 GC heap after
Heap after GC invocations=21 (full 5):
 PSYoungGen      total 378880K, used 36644K [0x000000076af80000, 0x0000000795300000, 0x00000007c0000000)
  eden space 87552K, 0% used [0x000000076af80000,0x000000076af80000,0x0000000770500000)
  from space 291328K, 12% used [0x0000000783680000,0x0000000785a49010,0x0000000795300000)
  to   space 302080K, 0% used [0x0000000770500000,0x0000000770500000,0x0000000782c00000)
 ParOldGen       total 1052672K, used 597705K [0x00000006c0e00000, 0x0000000701200000, 0x000000076af80000)
  object space 1052672K, 56% used [0x00000006c0e00000,0x00000006e55b25e8,0x0000000701200000)
 Metaspace       used 19499K, capacity 19804K, committed 20096K, reserved 1067008K
  class space    used 2235K, capacity 2321K, committed 2432K, reserved 1048576K
}
Event: 44.114 GC heap before
{Heap before GC invocations=22 (full 5):
 PSYoungGen      total 378880K, used 124196K [0x000000076af80000, 0x0000000795300000, 0x00000007c0000000)
  eden space 87552K, 100% used [0x000000076af80000,0x0000000770500000,0x0000000770500000)
  from space 291328K, 12% used [0x0000000783680000,0x0000000785a49010,0x0000000795300000)
  to   space 302080K, 0% used [0x0000000770500000,0x0000000770500000,0x0000000782c00000)
 ParOldGen       total 1052672K, used 597705K [0x00000006c0e00000, 0x0000000701200000, 0x000000076af80000)
  object space 1052672K, 56% used [0x00000006c0e00000,0x00000006e55b25e8,0x0000000701200000)
 Metaspace       used 20642K, capacity 20938K, committed 21120K, reserved 1069056K
  class space    used 2351K, capacity 2418K, committed 2432K, reserved 1048576K
Event: 44.151 GC heap after
Heap after GC invocations=22 (full 5):
 PSYoungGen      total 164352K, used 76388K [0x000000076af80000, 0x0000000794080000, 0x00000007c0000000)
  eden space 87552K, 0% used [0x000000076af80000,0x000000076af80000,0x0000000770500000)
  from space 76800K, 99% used [0x0000000770500000,0x0000000774f99140,0x0000000775000000)
  to   space 284672K, 0% used [0x0000000782a80000,0x0000000782a80000,0x0000000794080000)
 ParOldGen       total 1052672K, used 610257K [0x00000006c0e00000, 0x0000000701200000, 0x000000076af80000)
  object space 1052672K, 57% used [0x00000006c0e00000,0x00000006e61f45e8,0x0000000701200000)
 Metaspace       used 20642K, capacity 20938K, committed 21120K, reserved 1069056K
  class space    used 2351K, capacity 2418K, committed 2432K, reserved 1048576K
}

