# JRE version: Java(TM) SE Runtime Environment (8.0_77-b03) (build 1.8.0_77-b03)
# Java VM: Java HotSpot(TM) 64-Bit Server VM (25.77-b03 mixed mode windows-amd64 compressed oops)
Heap:
 PSYoungGen      total 117760K, used 60680K [0x000000076af80000, 0x000000078e600000, 0x00000007c0000000)
  eden space 58368K, 2% used [0x000000076af80000,0x000000076b117d90,0x000000076e880000)
  from space 59392K, 99% used [0x000000076e880000,0x000000077222a320,0x0000000772280000)
  to   space 256000K, 0% used [0x000000077ec00000,0x000000077ec00000,0x000000078e600000)
 ParOldGen       total 1155072K, used 605108K [0x00000006c0e00000, 0x0000000707600000, 0x000000076af80000)
  object space 1155072K, 52% used [0x00000006c0e00000,0x00000006e5ced2b8,0x0000000707600000)
 Metaspace       used 20229K, capacity 20546K, committed 20864K, reserved 1067008K
  class space    used 2292K, capacity 2354K, committed 2432K, reserved 1048576K
GC Heap History (10 events):
Event: 11.745 GC heap before
{Heap before GC invocations=25 (full 6):
 PSYoungGen      total 353792K, used 58202K [0x000000076af80000, 0x0000000794a00000, 0x00000007c0000000)
  eden space 40448K, 100% used [0x000000076af80000,0x000000076d700000,0x000000076d700000)
  from space 313344K, 5% used [0x0000000781800000,0x0000000782956ad0,0x0000000794a00000)
  to   space 321024K, 0% used [0x000000076d700000,0x000000076d700000,0x0000000781080000)
 ParOldGen       total 1155072K, used 570732K [0x00000006c0e00000, 0x0000000707600000, 0x000000076af80000)
  object space 1155072K, 49% used [0x00000006c0e00000,0x00000006e3b5b298,0x0000000707600000)
 Metaspace       used 19516K, capacity 19804K, committed 20096K, reserved 1067008K
  class space    used 2236K, capacity 2321K, committed 2432K, reserved 1048576K
Event: 11.759 GC heap after
Heap after GC invocations=25 (full 6):
 PSYoungGen      total 62464K, used 21656K [0x000000076af80000, 0x0000000793e00000, 0x00000007c0000000)
  eden space 40448K, 0% used [0x000000076af80000,0x000000076af80000,0x000000076d700000)
  from space 22016K, 98% used [0x000000076d700000,0x000000076ec26020,0x000000076ec80000)
  to   space 310784K, 0% used [0x0000000780e80000,0x0000000780e80000,0x0000000793e00000)
 ParOldGen       total 1155072K, used 575828K [0x00000006c0e00000, 0x0000000707600000, 0x000000076af80000)
  object space 1155072K, 49% used [0x00000006c0e00000,0x00000006e4055298,0x0000000707600000)
 Metaspace       used 19516K, capacity 19804K, committed 20096K, reserved 1067008K
  class space    used 2236K, capacity 2321K, committed 2432K, reserved 1048576K
}
Event: 11.786 GC heap before
{Heap before GC invocations=26 (full 6):
 PSYoungGen      total 62464K, used 62104K [0x000000076af80000, 0x0000000793e00000, 0x00000007c0000000)
  eden space 40448K, 100% used [0x000000076af80000,0x000000076d700000,0x000000076d700000)
  from space 22016K, 98% used [0x000000076d700000,0x000000076ec26020,0x000000076ec80000)
  to   space 310784K, 0% used [0x0000000780e80000,0x0000000780e80000,0x0000000793e00000)
 ParOldGen       total 1155072K, used 575828K [0x00000006c0e00000, 0x0000000707600000, 0x000000076af80000)
  object space 1155072K, 49% used [0x00000006c0e00000,0x00000006e4055298,0x0000000707600000)
 Metaspace       used 19516K, capacity 19804K, committed 20096K, reserved 1067008K
  class space    used 2236K, capacity 2321K, committed 2432K, reserved 1048576K
Event: 11.801 GC heap after
Heap after GC invocations=26 (full 6):
 PSYoungGen      total 337920K, used 23000K [0x000000076af80000, 0x0000000792900000, 0x00000007c0000000)
  eden space 48640K, 0% used [0x000000076af80000,0x000000076af80000,0x000000076df00000)
  from space 289280K, 7% used [0x0000000780e80000,0x00000007824f6020,0x0000000792900000)
  to   space 300032K, 0% used [0x000000076df00000,0x000000076df00000,0x0000000780400000)
 ParOldGen       total 1155072K, used 582108K [0x00000006c0e00000, 0x0000000707600000, 0x000000076af80000)
  object space 1155072K, 50% used [0x00000006c0e00000,0x00000006e4677298,0x0000000707600000)
 Metaspace       used 19516K, capacity 19804K, committed 20096K, reserved 1067008K
  class space    used 2236K, capacity 2321K, committed 2432K, reserved 1048576K
}
Event: 11.834 GC heap before
{Heap before GC invocations=27 (full 6):
 PSYoungGen      total 337920K, used 71640K [0x000000076af80000, 0x0000000792900000, 0x00000007c0000000)
  eden space 48640K, 100% used [0x000000076af80000,0x000000076df00000,0x000000076df00000)
  from space 289280K, 7% used [0x0000000780e80000,0x00000007824f6020,0x0000000792900000)
  to   space 300032K, 0% used [0x000000076df00000,0x000000076df00000,0x0000000780400000)
 ParOldGen       total 1155072K, used 582108K [0x00000006c0e00000, 0x0000000707600000, 0x000000076af80000)
  object space 1155072K, 50% used [0x00000006c0e00000,0x00000006e4677298,0x0000000707600000)
 Metaspace       used 19516K, capacity 19804K, committed 20096K, reserved 1067008K
  class space    used 2236K, capacity 2321K, committed 2432K, reserved 1048576K
Event: 11.853 GC heap after
Heap after GC invocations=27 (full 6):
 PSYoungGen      total 65536K, used 16832K [0x000000076af80000, 0x0000000791d00000, 0x00000007c0000000)
  eden space 48640K, 0% used [0x000000076af80000,0x000000076af80000,0x000000076df00000)
  from space 16896K, 99% used [0x000000076df00000,0x000000076ef70000,0x000000076ef80000)
  to   space 289280K, 0% used [0x0000000780280000,0x0000000780280000,0x0000000791d00000)
 ParOldGen       total 1155072K, used 597460K [0x00000006c0e00000, 0x0000000707600000, 0x000000076af80000)
  object space 1155072K, 51% used [0x00000006c0e00000,0x00000006e55752b8,0x0000000707600000)
 Metaspace       used 19516K, capacity 19804K, committed 20096K, reserved 1067008K
  class space    used 2236K, capacity 2321K, committed 2432K, reserved 1048576K
}
Event: 11.880 GC heap before
{Heap before GC invocations=28 (full 6):
 PSYoungGen      total 65536K, used 65472K [0x000000076af80000, 0x0000000791d00000, 0x00000007c0000000)
  eden space 48640K, 100% used [0x000000076af80000,0x000000076df00000,0x000000076df00000)
  from space 16896K, 99% used [0x000000076df00000,0x000000076ef70000,0x000000076ef80000)
  to   space 289280K, 0% used [0x0000000780280000,0x0000000780280000,0x0000000791d00000)
 ParOldGen       total 1155072K, used 597460K [0x00000006c0e00000, 0x0000000707600000, 0x000000076af80000)
  object space 1155072K, 51% used [0x00000006c0e00000,0x00000006e55752b8,0x0000000707600000)
 Metaspace       used 19516K, capacity 19804K, committed 20096K, reserved 1067008K
  class space    used 2236K, capacity 2321K, committed 2432K, reserved 1048576K
Event: 11.903 GC heap after
Heap after GC invocations=28 (full 6):
 PSYoungGen      total 317440K, used 37508K [0x000000076af80000, 0x000000078ff80000, 0x00000007c0000000)
  eden space 58368K, 0% used [0x000000076af80000,0x000000076af80000,0x000000076e880000)
  from space 259072K, 14% used [0x0000000780280000,0x0000000782721010,0x000000078ff80000)
  to   space 273920K, 0% used [0x000000076e880000,0x000000076e880000,0x000000077f400000)
 ParOldGen       total 1155072K, used 597460K [0x00000006c0e00000, 0x0000000707600000, 0x000000076af80000)
  object space 1155072K, 51% used [0x00000006c0e00000,0x00000006e55752b8,0x0000000707600000)
 Metaspace       used 19516K, capacity 19804K, committed 20096K, reserved 1067008K
  class space    used 2236K, capacity 2321K, committed 2432K, reserved 1048576K
}
Event: 18.805 GC heap before
{Heap before GC invocations=29 (full 6):
 PSYoungGen      total 317440K, used 95876K [0x000000076af80000, 0x000000078ff80000, 0x00000007c0000000)
  eden space 58368K, 100% used [0x000000076af80000,0x000000076e880000,0x000000076e880000)
  from space 259072K, 14% used [0x0000000780280000,0x0000000782721010,0x000000078ff80000)
  to   space 273920K, 0% used [0x000000076e880000,0x000000076e880000,0x000000077f400000)
 ParOldGen       total 1155072K, used 597460K [0x00000006c0e00000, 0x0000000707600000, 0x000000076af80000)
  object space 1155072K, 51% used [0x00000006c0e00000,0x00000006e55752b8,0x0000000707600000)
 Metaspace       used 20200K, capacity 20418K, committed 20864K, reserved 1067008K
  class space    used 2292K, capacity 2354K, committed 2432K, reserved 1048576K
Event: 18.832 GC heap after
Heap after GC invocations=29 (full 6):
 PSYoungGen      total 117760K, used 59048K [0x000000076af80000, 0x000000078e600000, 0x00000007c0000000)
  eden space 58368K, 0% used [0x000000076af80000,0x000000076af80000,0x000000076e880000)
  from space 59392K, 99% used [0x000000076e880000,0x000000077222a320,0x0000000772280000)
  to   space 256000K, 0% used [0x000000077ec00000,0x000000077ec00000,0x000000078e600000)
 ParOldGen       total 1155072K, used 605108K [0x00000006c0e00000, 0x0000000707600000, 0x000000076af80000)
  object space 1155072K, 52% used [0x00000006c0e00000,0x00000006e5ced2b8,0x0000000707600000)
 Metaspace       used 20200K, capacity 20418K, committed 20864K, reserved 1067008K
  class space    used 2292K, capacity 2354K, committed 2432K, reserved 1048576K
}

